<?xml version="1.0" encoding="UTF-8"?>
<!-- Generated by org.testng.reporters.JUnitReportReporter -->
<testsuite hostname="DESKTOP-1B64LG2" failures="0" tests="1" name="testcases.PMOcancelincreation" time="270.353" errors="0" timestamp="2023-03-07T12:30:13 IST" skipped="0">
  <testcase classname="testcases.PMOcancelincreation" name="PMO_Cancel_Creation" time="270.353"/>
  <system-out/>
</testsuite> <!-- testcases.PMOcancelincreation -->
