<?xml version="1.0" encoding="UTF-8"?>
<!-- Generated by org.testng.reporters.JUnitReportReporter -->
<testsuite hostname="DESKTOP-1B64LG2" failures="0" tests="1" name="testcases.loginka" time="23.267" errors="0" timestamp="2022-12-01T17:07:00 IST" skipped="0">
  <testcase classname="testcases.loginka" name="testscenario" time="23.267"/>
  <system-out/>
</testsuite> <!-- testcases.loginka -->
