<?xml version="1.0" encoding="UTF-8"?>
<!-- Generated by org.testng.reporters.JUnitReportReporter -->
<testsuite hostname="DESKTOP-1B64LG2" failures="0" tests="1" name="testcases.testcase4" time="285.819" errors="0" timestamp="2023-02-23T18:08:39 IST" skipped="0">
  <testcase classname="testcases.testcase4" name="TS300" time="285.819"/>
  <system-out/>
</testsuite> <!-- testcases.testcase4 -->
