<?xml version="1.0" encoding="UTF-8"?>
<!-- Generated by org.testng.reporters.JUnitReportReporter -->
<testsuite hostname="DESKTOP-1B64LG2" failures="0" tests="1" name="testcases.POreject" time="198.821" errors="0" timestamp="2023-04-04T17:01:45 IST" skipped="0">
  <testcase classname="testcases.POreject" name="RO_Cancel_Creation" time="198.821"/>
  <system-out/>
</testsuite> <!-- testcases.POreject -->
