<?xml version="1.0" encoding="UTF-8"?>
<!-- Generated by org.testng.reporters.JUnitReportReporter -->
<testsuite hostname="DESKTOP-1B64LG2" failures="0" tests="1" name="testcases.testcase3" time="402.378" errors="0" timestamp="2023-02-28T17:17:19 IST" skipped="0">
  <testcase classname="testcases.testcase3" name="TS340" time="402.378"/>
  <system-out/>
</testsuite> <!-- testcases.testcase3 -->
