<?xml version="1.0" encoding="UTF-8"?>
<!-- Generated by org.testng.reporters.JUnitReportReporter -->
<testsuite hostname="DESKTOP-1B64LG2" failures="0" tests="1" name="demobase.Base" time="96.478" errors="0" timestamp="2022-11-29T15:45:09 IST" skipped="0">
  <testcase classname="demobase.Base" name="Test1" time="96.478"/>
  <system-out/>
</testsuite> <!-- demobase.Base -->
