<?xml version="1.0" encoding="UTF-8"?>
<!-- Generated by org.testng.reporters.JUnitReportReporter -->
<testsuite hostname="DESKTOP-1B64LG2" failures="0" tests="2" name="testcases.login" time="0.014" errors="0" timestamp="2022-12-06T17:18:46 IST" skipped="0">
  <testcase classname="testcases.login" name="test1" time="0.012"/>
  <system-out/>
  <testcase classname="testcases.login" name="test2" time="0.002"/>
  <system-out/>
</testsuite> <!-- testcases.login -->
