<?xml version="1.0" encoding="UTF-8"?>
<!-- Generated by org.testng.reporters.JUnitReportReporter -->
<testsuite hostname="DESKTOP-1B64LG2" failures="0" tests="1" name="testcases.ROreject" time="177.038" errors="0" timestamp="2023-04-04T13:42:22 IST" skipped="0">
  <testcase classname="testcases.ROreject" name="RO_Cancel_Creation" time="177.038"/>
  <system-out/>
</testsuite> <!-- testcases.ROreject -->
