<?xml version="1.0" encoding="UTF-8"?>
<!-- Generated by org.testng.reporters.JUnitReportReporter -->
<testsuite hostname="DESKTOP-1B64LG2" failures="0" tests="1" name="testcases.testcase5" time="400.810" errors="0" timestamp="2023-02-23T18:23:23 IST" skipped="0">
  <testcase classname="testcases.testcase5" name="TS340" time="400.810"/>
  <system-out/>
</testsuite> <!-- testcases.testcase5 -->
