<?xml version="1.0" encoding="UTF-8"?>
<!-- Generated by org.testng.reporters.JUnitReportReporter -->
<testsuite hostname="DESKTOP-1B64LG2" failures="0" tests="1" name="testcases.CIOOcancelincreation" time="327.832" errors="0" timestamp="2023-02-27T10:28:50 IST" skipped="0">
  <testcase classname="testcases.CIOOcancelincreation" name="RO_Cancel_Creation" time="327.832"/>
  <system-out/>
</testsuite> <!-- testcases.CIOOcancelincreation -->
